Arguments: 
  C:\Program Files\nodejs\node.exe C:\Users\无敌暴龙战士\AppData\Roaming\npm\node_modules\yarn\bin\yarn.js

PATH: 
  C:\Program Files\Common Files\Oracle\Java\javapath;C:\Program Files (x86)\Common Files\Oracle\Java\javapath;C:\Windows\system32;C:\Windows;C:\Windows\System32\Wbem;C:\Windows\System32\WindowsPowerShell\v1.0\;C:\Windows\System32\OpenSSH\;C:\Program Files\NVIDIA Corporation\NVIDIA NvDLISR;F:\解压\Bandizip\;C;\Program Files (x86)\NVIDIA Corporation\PhysX\Common;C:\Program Files\nodejs\node_modules;K:\Git\Git\cmd;C:\WINDOWS\system32;C:\WINDOWS;C:\WINDOWS\System32\Wbem;C:\WINDOWS\System32\WindowsPowerShell\v1.0\;C:\WINDOWS\System32\OpenSSH\;K:\Git\Git_Fls\Git LFS;C:\Program Files\nodejs\;C:\Program Files\nodejs\node_modules;C:\Users\无敌暴龙战士\AppData\Roaming\npm;K:\mysql\mysql-8.0.30-winx64;K:\mysql\mysql-8.0.30-winx64\bin;;K:\VScode\微信小程序开发\微信web开发者工具\dll;C:\Users\无敌暴龙战士\AppData\Local\Microsoft\WindowsApps;K:\node.js\node_global;C:\Users\无敌暴龙战士\AppData\Local\Programs\Microsoft VS Code\bin;C:\Program Files\nodejs\node_global;

Yarn version: 
  1.22.19

Node version: 
  16.15.1

Platform: 
  win32 x64

Trace: 
  Error: ENOENT: no such file or directory, copyfile 'C:\Users\无敌暴龙战士\AppData\Local\Yarn\Cache\v6\npm-yallist-4.0.0-9bb92790d9c0effec63be73519e11a35019a3a72-integrity\node_modules\yallist\iterator.js' -> 'K:\VScode\code\code\Taro\myApp\node_modules\@typescript-eslint\eslint-plugin\node_modules\yallist\iterator.js'

npm manifest: 
  {
    "name": "myApp",
    "version": "1.0.0",
    "private": true,
    "description": "one demo",
    "templateInfo": {
      "name": "h5-youshu",
      "typescript": true,
      "css": "sass"
    },
    "scripts": {
      "build:h5": "taro build --type h5",
      "build:weapp": "taro build --type weapp",
      "build:swan": "taro build --type swan",
      "build:alipay": "taro build --type alipay",
      "build:tt": "taro build --type tt",
      "build:qq": "taro build --type qq",
      "dev:h5": "npm run build:h5 -- --watch",
      "dev:weapp": "npm run build:weapp -- --watch",
      "dev:swan": "npm run build:swan -- --watch",
      "dev:alipay": "npm run build:alipay -- --watch",
      "dev:tt": "npm run build:tt -- --watch",
      "dev:qq": "npm run build:qq -- --watch"
    },
    "browserslist": [
      "last 3 versions",
      "Android >= 4.1",
      "ios >= 8"
    ],
    "author": "",
    "dependencies": {
      "@babel/runtime": "^7.7.7",
      "@tarojs/components": "3.5.6",
      "@tarojs/helper": "3.5.6",
      "@tarojs/plugin-platform-weapp": "3.5.6",
      "@tarojs/plugin-platform-alipay": "3.5.6",
      "@tarojs/plugin-platform-tt": "3.5.6",
      "@tarojs/plugin-platform-swan": "3.5.6",
      "@tarojs/plugin-platform-jd": "3.5.6",
      "@tarojs/plugin-platform-qq": "3.5.6",
      "@tarojs/router": "3.5.6",
      "@tarojs/runtime": "3.5.6",
      "@tarojs/shared": "3.5.6",
      "@tarojs/taro": "3.5.6",
      "@tarojs/taro-h5": "3.5.6",
      "@tarojs/plugin-framework-react": "3.5.6",
      "@tarojs/react": "3.5.6",
      "react-dom": "^18.0.0",
      "react": "^18.0.0",
      "sr-sdk-h5": "^1.3.1"
    },
    "devDependencies": {
      "@babel/core": "^7.8.0",
      "@tarojs/cli": "3.5.6",
      "@types/webpack-env": "^1.13.6",
      "@types/react": "^18.0.0",
      "webpack": "5.69.0",
      "@tarojs/webpack5-runner": "3.5.6",
      "babel-preset-taro": "3.5.6",
      "eslint-config-taro": "3.5.6",
      "eslint": "^8.12.0","eslint": "^8.12.0",
      "@pmmmwh/react-refresh-webpack-plugin": "^0.5.5",
      "react-refresh": "^0.11.0",
      "eslint-plugin-react": "^7.8.2",
      "eslint-plugin-import": "^2.12.0",
      "eslint-plugin-react-hooks": "^1.6.1",
      "stylelint": "9.3.0",
      "@typescript-eslint/parser": "^5.20.0",
      "@typescript-eslint/eslint-plugin": "^5.20.0",
      "typescript": "^3.7.0"
    }
  }

yarn manifest: 
  No manifest

Lockfile: 
  No lockfile
